<?xml version="1.0" encoding="UTF-8"?>
<testng-results total="0" passed="0" failed="0" skipped="0">
  <reporter-output>
  </reporter-output>
  <suite started-at="2022-11-28T01:02:18Z" name="BuscarGoogleTest" finished-at="2022-11-28T01:02:18Z" duration-ms="2">
    <groups>
    </groups>
    <test started-at="2022-11-28T01:02:18Z" name="Command line test" finished-at="2022-11-28T01:02:18Z" duration-ms="2">
    </test> <!-- Command line test -->
  </suite> <!-- BuscarGoogleTest -->
</testng-results>
